#
# There is insufficient memory for the Java Runtime Environment to continue.
# Native memory allocation (malloc) failed to allocate 1136816 bytes for Chunk::new
# Possible reasons:
#   The system is out of physical RAM or swap space
#   The process is running with CompressedOops enabled, and the Java Heap may be blocking the growth of the native heap
# Possible solutions:
#   Reduce memory load on the system
#   Increase physical memory or swap space
#   Check if swap backing store is full
#   Decrease Java heap size (-Xmx/-Xms)
#   Decrease number of Java threads
#   Decrease Java thread stack sizes (-Xss)
#   Set larger code cache with -XX:ReservedCodeCacheSize=
#   JVM is running with Unscaled Compressed Oops mode in which the Java heap is
#     placed in the first 4GB address space. The Java Heap base address is the
#     maximum limit for the native heap growth. Please use -XX:HeapBaseMinAddress
#     to set the Java Heap base and to place the Java Heap above 4GB virtual address.
# This output file may be truncated or incomplete.
#
#  Out of Memory Error (arena.cpp:189), pid=108008, tid=101852
#
# JRE version: Java(TM) SE Runtime Environment (17.0.11+7) (build 17.0.11+7-LTS-207)
# Java VM: Java HotSpot(TM) 64-Bit Server VM (17.0.11+7-LTS-207, mixed mode, sharing, tiered, compressed oops, compressed class ptrs, g1 gc, windows-amd64)
# No core dump will be written. Minidumps are not enabled by default on client versions of Windows
#

---------------  S U M M A R Y ------------

Command Line: -javaagent:C:\Users\jorda\AppData\Local\JetBrains\IntelliJ IDEA Community Edition 2024.1.1\lib\idea_rt.jar=62497:C:\Users\jorda\AppData\Local\JetBrains\IntelliJ IDEA Community Edition 2024.1.1\bin -Dfile.encoding=UTF-8 com.artistaEmusica.artistasmusicas.ArtistasmusicasApplication

Host: 11th Gen Intel(R) Core(TM) i5-1135G7 @ 2.40GHz, 8 cores, 7G,  Windows 11 , 64 bit Build 22621 (10.0.22621.3672)
Time: Tue Jul 23 16:18:18 2024 Hora oficial do Brasil elapsed time: 5.492008 seconds (0d 0h 0m 5s)

---------------  T H R E A D  ---------------

Current thread (0x000001c19e4f2340):  JavaThread "C2 CompilerThread1" daemon [_thread_in_native, id=101852, stack(0x00000082b9900000,0x00000082b9a00000)]


Current CompileTask:
C2:   5492 4211       4       jdk.internal.loader.ClassLoaders$AppClassLoader::defineOrCheckPackage (8 bytes)

Stack: [0x00000082b9900000,0x00000082b9a00000]
Native frames: (J=compiled Java code, j=interpreted, Vv=VM code, C=native code)
V  [jvm.dll+0x679cca]
V  [jvm.dll+0x7da13d]
V  [jvm.dll+0x7dba83]
V  [jvm.dll+0x7dc0f3]
V  [jvm.dll+0x2449af]
V  [jvm.dll+0xab83b]
V  [jvm.dll+0xabe1c]
V  [jvm.dll+0x36155f]
V  [jvm.dll+0x32bd61]
V  [jvm.dll+0x32b1fa]
V  [jvm.dll+0x2161df]
V  [jvm.dll+0x21560f]
V  [jvm.dll+0x1a2040]
V  [jvm.dll+0x225a2b]
V  [jvm.dll+0x223bcb]
V  [jvm.dll+0x7903ec]
V  [jvm.dll+0x78a85a]
V  [jvm.dll+0x678bb5]
C  [ucrtbase.dll+0x29333]
C  [KERNEL32.DLL+0x1257d]
C  [ntdll.dll+0x5af28]


---------------  P R O C E S S  ---------------

Threads class SMR info:
_java_thread_list=0x000001c19e7e87b0, length=20, elements={
0x000001c137eb5b60, 0x000001c157aaf430, 0x000001c157aafa00, 0x000001c157abf2a0,
0x000001c157abf870, 0x000001c157ac1e50, 0x000001c157ac2420, 0x000001c157ac6de0,
0x000001c157ac94b0, 0x000001c157acb1f0, 0x000001c157a99a10, 0x000001c19d3fccc0,
0x000001c19d3fd5a0, 0x000001c19e4f2340, 0x000001c1a032f420, 0x000001c19f695000,
0x000001c19fac3a80, 0x000001c19e7e8820, 0x000001c19eb3d640, 0x000001c19f2c3ce0
}

Java Threads: ( => current thread )
  0x000001c137eb5b60 JavaThread "main" [_thread_in_native, id=85372, stack(0x00000082b7d00000,0x00000082b7e00000)]
  0x000001c157aaf430 JavaThread "Reference Handler" daemon [_thread_blocked, id=104620, stack(0x00000082b8400000,0x00000082b8500000)]
  0x000001c157aafa00 JavaThread "Finalizer" daemon [_thread_blocked, id=8988, stack(0x00000082b8500000,0x00000082b8600000)]
  0x000001c157abf2a0 JavaThread "Signal Dispatcher" daemon [_thread_blocked, id=79296, stack(0x00000082b8600000,0x00000082b8700000)]
  0x000001c157abf870 JavaThread "Attach Listener" daemon [_thread_blocked, id=107808, stack(0x00000082b8700000,0x00000082b8800000)]
  0x000001c157ac1e50 JavaThread "Service Thread" daemon [_thread_blocked, id=105728, stack(0x00000082b8800000,0x00000082b8900000)]
  0x000001c157ac2420 JavaThread "Monitor Deflation Thread" daemon [_thread_blocked, id=108088, stack(0x00000082b8900000,0x00000082b8a00000)]
  0x000001c157ac6de0 JavaThread "C2 CompilerThread0" daemon [_thread_in_native, id=107748, stack(0x00000082b8a00000,0x00000082b8b00000)]
  0x000001c157ac94b0 JavaThread "C1 CompilerThread0" daemon [_thread_blocked, id=105664, stack(0x00000082b8b00000,0x00000082b8c00000)]
  0x000001c157acb1f0 JavaThread "Sweeper thread" daemon [_thread_blocked, id=86052, stack(0x00000082b8c00000,0x00000082b8d00000)]
  0x000001c157a99a10 JavaThread "Common-Cleaner" daemon [_thread_blocked, id=91772, stack(0x00000082b8d00000,0x00000082b8e00000)]
  0x000001c19d3fccc0 JavaThread "Monitor Ctrl-Break" daemon [_thread_in_native, id=101976, stack(0x00000082b8e00000,0x00000082b8f00000)]
  0x000001c19d3fd5a0 JavaThread "Notification Thread" daemon [_thread_blocked, id=104060, stack(0x00000082b8f00000,0x00000082b9000000)]
=>0x000001c19e4f2340 JavaThread "C2 CompilerThread1" daemon [_thread_in_native, id=101852, stack(0x00000082b9900000,0x00000082b9a00000)]
  0x000001c1a032f420 JavaThread "Catalina-utility-1" [_thread_blocked, id=100540, stack(0x00000082b9a00000,0x00000082b9b00000)]
  0x000001c19f695000 JavaThread "Catalina-utility-2" [_thread_blocked, id=100692, stack(0x00000082b9b00000,0x00000082b9c00000)]
  0x000001c19fac3a80 JavaThread "container-0" [_thread_blocked, id=106980, stack(0x00000082b9c00000,0x00000082b9d00000)]
  0x000001c19e7e8820 JavaThread "PostgreSQL-JDBC-Cleaner" daemon [_thread_blocked, id=101008, stack(0x00000082b9e00000,0x00000082b9f00000)]
  0x000001c19eb3d640 JavaThread "HikariPool-1 housekeeper" daemon [_thread_blocked, id=106776, stack(0x00000082b9f00000,0x00000082ba000000)]
  0x000001c19f2c3ce0 JavaThread "HikariPool-1 connection adder" daemon [_thread_in_native, id=106328, stack(0x00000082ba000000,0x00000082ba100000)]

Other Threads:
  0x000001c157aa8a70 VMThread "VM Thread" [stack: 0x00000082b8300000,0x00000082b8400000] [id=82300]
  0x000001c19d3fc780 WatcherThread [stack: 0x00000082b9000000,0x00000082b9100000] [id=107316]
  0x000001c137f0e6d0 GCTaskThread "GC Thread#0" [stack: 0x00000082b7e00000,0x00000082b7f00000] [id=108332]
  0x000001c19ddaea60 GCTaskThread "GC Thread#1" [stack: 0x00000082b9100000,0x00000082b9200000] [id=99052]
  0x000001c19db94c70 GCTaskThread "GC Thread#2" [stack: 0x00000082b9200000,0x00000082b9300000] [id=106080]
  0x000001c19db94f30 GCTaskThread "GC Thread#3" [stack: 0x00000082b9300000,0x00000082b9400000] [id=107092]
  0x000001c19db951f0 GCTaskThread "GC Thread#4" [stack: 0x00000082b9400000,0x00000082b9500000] [id=107988]
  0x000001c19db95cc0 GCTaskThread "GC Thread#5" [stack: 0x00000082b9500000,0x00000082b9600000] [id=102936]
  0x000001c19e01ae60 GCTaskThread "GC Thread#6" [stack: 0x00000082b9700000,0x00000082b9800000] [id=13568]
  0x000001c19deb3880 GCTaskThread "GC Thread#7" [stack: 0x00000082b9800000,0x00000082b9900000] [id=99452]
  0x000001c137f1fdc0 ConcurrentGCThread "G1 Main Marker" [stack: 0x00000082b7f00000,0x00000082b8000000] [id=107616]
  0x000001c137f20f70 ConcurrentGCThread "G1 Conc#0" [stack: 0x00000082b8000000,0x00000082b8100000] [id=104472]
  0x000001c19e51bb50 ConcurrentGCThread "G1 Conc#1" [stack: 0x00000082b9600000,0x00000082b9700000] [id=101412]
  0x000001c137f6a700 ConcurrentGCThread "G1 Refine#0" [stack: 0x00000082b8100000,0x00000082b8200000] [id=90072]
  0x000001c137f6cd50 ConcurrentGCThread "G1 Service" [stack: 0x00000082b8200000,0x00000082b8300000] [id=41740]

Threads with active compile tasks:
C2 CompilerThread0     5547 4208       4       jdk.internal.loader.BuiltinClassLoader::defineClass (121 bytes)
C2 CompilerThread1     5547 4211       4       jdk.internal.loader.ClassLoaders$AppClassLoader::defineOrCheckPackage (8 bytes)

VM state: not at safepoint (normal execution)

VM Mutex/Monitor currently owned by a thread: None

Heap address: 0x0000000084400000, size: 1980 MB, Compressed Oops mode: 32-bit

CDS archive(s) mapped at: [0x000001c158000000-0x000001c158bd0000-0x000001c158bd0000), size 12386304, SharedBaseAddress: 0x000001c158000000, ArchiveRelocationMode: 1.
Compressed class space mapped at: 0x000001c159000000-0x000001c199000000, reserved size: 1073741824
Narrow klass base: 0x000001c158000000, Narrow klass shift: 0, Narrow klass range: 0x100000000

GC Precious Log:
 CPUs: 8 total, 8 available
 Memory: 7915M
 Large Page Support: Disabled
 NUMA Support: Disabled
 Compressed Oops: Enabled (32-bit)
 Heap Region Size: 1M
 Heap Min Capacity: 8M
 Heap Initial Capacity: 124M
 Heap Max Capacity: 1980M
 Pre-touch: Disabled
 Parallel Workers: 8
 Concurrent Workers: 2
 Concurrent Refinement Workers: 8
 Periodic GC: Disabled

Heap:
 garbage-first heap   total 55296K, used 23415K [0x0000000084400000, 0x0000000100000000)
  region size 1024K, 6 young (6144K), 3 survivors (3072K)
 Metaspace       used 48302K, committed 48768K, reserved 1114112K
  class space    used 6459K, committed 6720K, reserved 1048576K

Heap Regions: E=young(eden), S=young(survivor), O=old, HS=humongous(starts), HC=humongous(continues), CS=collection set, F=free, OA=open archive, CA=closed archive, TAMS=top-at-mark-start (previous, next)
|   0|0x0000000084400000, 0x0000000084500000, 0x0000000084500000|100%|HS|  |TAMS 0x0000000084500000, 0x0000000084400000| Complete 
|   1|0x0000000084500000, 0x0000000084600000, 0x0000000084600000|100%| O|  |TAMS 0x0000000084600000, 0x0000000084500000| Untracked 
|   2|0x0000000084600000, 0x0000000084700000, 0x0000000084700000|100%| O|  |TAMS 0x0000000084700000, 0x0000000084600000| Untracked 
|   3|0x0000000084700000, 0x0000000084800000, 0x0000000084800000|100%| O|  |TAMS 0x0000000084800000, 0x0000000084700000| Untracked 
|   4|0x0000000084800000, 0x0000000084900000, 0x0000000084900000|100%| O|  |TAMS 0x0000000084900000, 0x0000000084800000| Untracked 
|   5|0x0000000084900000, 0x0000000084a00000, 0x0000000084a00000|100%| O|  |TAMS 0x0000000084a00000, 0x0000000084900000| Untracked 
|   6|0x0000000084a00000, 0x0000000084b00000, 0x0000000084b00000|100%| O|  |TAMS 0x0000000084b00000, 0x0000000084a00000| Untracked 
|   7|0x0000000084b00000, 0x0000000084b6fe00, 0x0000000084c00000| 43%| O|  |TAMS 0x0000000084b6fe00, 0x0000000084b00000| Untracked 
|   8|0x0000000084c00000, 0x0000000084d00000, 0x0000000084d00000|100%| O|  |TAMS 0x0000000084d00000, 0x0000000084c00000| Untracked 
|   9|0x0000000084d00000, 0x0000000084e00000, 0x0000000084e00000|100%| O|  |TAMS 0x0000000084e00000, 0x0000000084d00000| Untracked 
|  10|0x0000000084e00000, 0x0000000084f00000, 0x0000000084f00000|100%| O|  |TAMS 0x0000000084f00000, 0x0000000084e00000| Untracked 
|  11|0x0000000084f00000, 0x0000000085000000, 0x0000000085000000|100%| O|  |TAMS 0x0000000085000000, 0x0000000084f00000| Untracked 
|  12|0x0000000085000000, 0x0000000085100000, 0x0000000085100000|100%| O|  |TAMS 0x0000000085100000, 0x0000000085000000| Untracked 
|  13|0x0000000085100000, 0x0000000085200000, 0x0000000085200000|100%| O|  |TAMS 0x0000000085200000, 0x0000000085100000| Untracked 
|  14|0x0000000085200000, 0x0000000085300000, 0x0000000085300000|100%| O|  |TAMS 0x0000000085300000, 0x0000000085200000| Untracked 
|  15|0x0000000085300000, 0x0000000085400000, 0x0000000085400000|100%| O|  |TAMS 0x0000000085400000, 0x0000000085300000| Untracked 
|  16|0x0000000085400000, 0x0000000085500000, 0x0000000085500000|100%| O|  |TAMS 0x00000000854bdc00, 0x0000000085400000| Untracked 
|  17|0x0000000085500000, 0x0000000085600000, 0x0000000085600000|100%| O|  |TAMS 0x0000000085500000, 0x0000000085500000| Untracked 
|  18|0x0000000085600000, 0x00000000856f3800, 0x0000000085700000| 95%| O|  |TAMS 0x0000000085600000, 0x0000000085600000| Untracked 
|  19|0x0000000085700000, 0x0000000085700000, 0x0000000085800000|  0%| F|  |TAMS 0x0000000085700000, 0x0000000085700000| Untracked 
|  20|0x0000000085800000, 0x0000000085800000, 0x0000000085900000|  0%| F|  |TAMS 0x0000000085800000, 0x0000000085800000| Untracked 
|  21|0x0000000085900000, 0x0000000085900000, 0x0000000085a00000|  0%| F|  |TAMS 0x0000000085900000, 0x0000000085900000| Untracked 
|  22|0x0000000085a00000, 0x0000000085a00000, 0x0000000085b00000|  0%| F|  |TAMS 0x0000000085a00000, 0x0000000085a00000| Untracked 
|  23|0x0000000085b00000, 0x0000000085b00000, 0x0000000085c00000|  0%| F|  |TAMS 0x0000000085b00000, 0x0000000085b00000| Untracked 
|  24|0x0000000085c00000, 0x0000000085c00000, 0x0000000085d00000|  0%| F|  |TAMS 0x0000000085c00000, 0x0000000085c00000| Untracked 
|  25|0x0000000085d00000, 0x0000000085d00000, 0x0000000085e00000|  0%| F|  |TAMS 0x0000000085d00000, 0x0000000085d00000| Untracked 
|  26|0x0000000085e00000, 0x0000000085e00000, 0x0000000085f00000|  0%| F|  |TAMS 0x0000000085e00000, 0x0000000085e00000| Untracked 
|  27|0x0000000085f00000, 0x0000000085f00000, 0x0000000086000000|  0%| F|  |TAMS 0x0000000085f00000, 0x0000000085f00000| Untracked 
|  28|0x0000000086000000, 0x000000008607a850, 0x0000000086100000| 47%| S|CS|TAMS 0x0000000086000000, 0x0000000086000000| Complete 
|  29|0x0000000086100000, 0x0000000086100000, 0x0000000086200000|  0%| F|  |TAMS 0x0000000086100000, 0x0000000086100000| Untracked 
|  30|0x0000000086200000, 0x0000000086200000, 0x0000000086300000|  0%| F|  |TAMS 0x0000000086200000, 0x0000000086200000| Untracked 
|  31|0x0000000086300000, 0x0000000086300000, 0x0000000086400000|  0%| F|  |TAMS 0x0000000086300000, 0x0000000086300000| Untracked 
|  32|0x0000000086400000, 0x0000000086500000, 0x0000000086500000|100%| S|CS|TAMS 0x0000000086400000, 0x0000000086400000| Complete 
|  33|0x0000000086500000, 0x0000000086600000, 0x0000000086600000|100%| S|CS|TAMS 0x0000000086500000, 0x0000000086500000| Complete 
|  34|0x0000000086600000, 0x0000000086600000, 0x0000000086700000|  0%| F|  |TAMS 0x0000000086600000, 0x0000000086600000| Untracked 
|  35|0x0000000086700000, 0x0000000086700000, 0x0000000086800000|  0%| F|  |TAMS 0x0000000086700000, 0x0000000086700000| Untracked 
|  36|0x0000000086800000, 0x0000000086800000, 0x0000000086900000|  0%| F|  |TAMS 0x0000000086800000, 0x0000000086800000| Untracked 
|  37|0x0000000086900000, 0x0000000086900000, 0x0000000086a00000|  0%| F|  |TAMS 0x0000000086900000, 0x0000000086900000| Untracked 
|  38|0x0000000086a00000, 0x0000000086a00000, 0x0000000086b00000|  0%| F|  |TAMS 0x0000000086a00000, 0x0000000086a00000| Untracked 
|  39|0x0000000086b00000, 0x0000000086b00000, 0x0000000086c00000|  0%| F|  |TAMS 0x0000000086b00000, 0x0000000086b00000| Untracked 
|  40|0x0000000086c00000, 0x0000000086c00000, 0x0000000086d00000|  0%| F|  |TAMS 0x0000000086c00000, 0x0000000086c00000| Untracked 
|  41|0x0000000086d00000, 0x0000000086d00000, 0x0000000086e00000|  0%| F|  |TAMS 0x0000000086d00000, 0x0000000086d00000| Untracked 
|  42|0x0000000086e00000, 0x0000000086e00000, 0x0000000086f00000|  0%| F|  |TAMS 0x0000000086e00000, 0x0000000086e00000| Untracked 
|  43|0x0000000086f00000, 0x0000000086f00000, 0x0000000087000000|  0%| F|  |TAMS 0x0000000086f00000, 0x0000000086f00000| Untracked 
|  44|0x0000000087000000, 0x0000000087000000, 0x0000000087100000|  0%| F|  |TAMS 0x0000000087000000, 0x0000000087000000| Untracked 
|  45|0x0000000087100000, 0x0000000087100000, 0x0000000087200000|  0%| F|  |TAMS 0x0000000087100000, 0x0000000087100000| Untracked 
|  66|0x0000000088600000, 0x0000000088600000, 0x0000000088700000|  0%| F|  |TAMS 0x0000000088600000, 0x0000000088600000| Untracked 
|  67|0x0000000088700000, 0x0000000088700000, 0x0000000088800000|  0%| F|  |TAMS 0x0000000088700000, 0x0000000088700000| Untracked 
|  68|0x0000000088800000, 0x0000000088800000, 0x0000000088900000|  0%| F|  |TAMS 0x0000000088800000, 0x0000000088800000| Untracked 
|  69|0x0000000088900000, 0x0000000088900000, 0x0000000088a00000|  0%| F|  |TAMS 0x0000000088900000, 0x0000000088900000| Untracked 
|  70|0x0000000088a00000, 0x0000000088a00000, 0x0000000088b00000|  0%| F|  |TAMS 0x0000000088a00000, 0x0000000088a00000| Untracked 
|  71|0x0000000088b00000, 0x0000000088c00000, 0x0000000088c00000|100%| E|  |TAMS 0x0000000088b00000, 0x0000000088b00000| Complete 
|  72|0x0000000088c00000, 0x0000000088d00000, 0x0000000088d00000|100%| E|CS|TAMS 0x0000000088c00000, 0x0000000088c00000| Complete 
| 123|0x000000008bf00000, 0x000000008c000000, 0x000000008c000000|100%| E|CS|TAMS 0x000000008bf00000, 0x000000008bf00000| Complete 

Card table byte_map: [0x000001c150d80000,0x000001c151160000] _byte_map_base: 0x000001c15095e000

Marking Bits (Prev, Next): (CMBitMap*) 0x000001c137f0ecf0, (CMBitMap*) 0x000001c137f0ed30
 Prev Bits: [0x000001c151540000, 0x000001c153430000)
 Next Bits: [0x000001c153430000, 0x000001c155320000)

Polling page: 0x000001c137f70000

Metaspace:

Usage:
  Non-class:     40.89 MB used.
      Class:      6.32 MB used.
       Both:     47.21 MB used.

Virtual space:
  Non-class space:       64.00 MB reserved,      41.12 MB ( 64%) committed,  1 nodes.
      Class space:        1.00 GB reserved,       6.56 MB ( <1%) committed,  1 nodes.
             Both:        1.06 GB reserved,      47.69 MB (  4%) committed. 

Chunk freelists:
   Non-Class:  6.80 MB
       Class:  9.40 MB
        Both:  16.20 MB

MaxMetaspaceSize: unlimited
CompressedClassSpaceSize: 1.00 GB
Initial GC threshold: 21.00 MB
Current GC threshold: 58.75 MB
CDS: on
MetaspaceReclaimPolicy: balanced
 - commit_granule_bytes: 65536.
 - commit_granule_words: 8192.
 - virtual_space_node_default_size: 8388608.
 - enlarge_chunks_in_place: 1.
 - new_chunks_are_fully_committed: 0.
 - uncommit_free_chunks: 1.
 - use_allocation_guard: 0.
 - handle_deallocations: 1.


Internal statistics:

num_allocs_failed_limit: 6.
num_arena_births: 592.
num_arena_deaths: 0.
num_vsnodes_births: 2.
num_vsnodes_deaths: 0.
num_space_committed: 764.
num_space_uncommitted: 0.
num_chunks_returned_to_freelist: 6.
num_chunks_taken_from_freelist: 2321.
num_chunk_merges: 6.
num_chunk_splits: 1696.
num_chunks_enlarged: 1322.
num_inconsistent_stats: 0.

CodeHeap 'non-profiled nmethods': size=120000Kb used=2489Kb max_used=2489Kb free=117510Kb
 bounds [0x000001c148a00000, 0x000001c148c70000, 0x000001c14ff30000]
CodeHeap 'profiled nmethods': size=120000Kb used=8742Kb max_used=8742Kb free=111257Kb
 bounds [0x000001c140f30000, 0x000001c1417c0000, 0x000001c148460000]
CodeHeap 'non-nmethods': size=5760Kb used=1282Kb max_used=1329Kb free=4477Kb
 bounds [0x000001c148460000, 0x000001c1486d0000, 0x000001c148a00000]
 total_blobs=4806 nmethods=4218 adapters=500
 compilation: enabled
              stopped_count=0, restarted_count=0
 full_count=0

Compilation events (20 events):
Event: 5.477 Thread 0x000001c157ac94b0 4218   !   3       org.postgresql.core.VisibleBufferedInputStream::read (222 bytes)
Event: 5.478 Thread 0x000001c157ac94b0 nmethod 4218 0x000001c1417b1890 code [0x000001c1417b1ae0, 0x000001c1417b24c8]
Event: 5.478 Thread 0x000001c157ac94b0 4219       3       org.postgresql.core.PGStream::sendChar (9 bytes)
Event: 5.479 Thread 0x000001c157ac94b0 nmethod 4219 0x000001c1417b2790 code [0x000001c1417b2940, 0x000001c1417b2b08]
Event: 5.479 Thread 0x000001c157ac94b0 4220  s    3       java.io.BufferedOutputStream::write (35 bytes)
Event: 5.479 Thread 0x000001c157ac94b0 nmethod 4220 0x000001c1417b2c10 code [0x000001c1417b2dc0, 0x000001c1417b3188]
Event: 5.483 Thread 0x000001c157ac94b0 4221       3       java.io.InputStream::read (9 bytes)
Event: 5.483 Thread 0x000001c157ac94b0 nmethod 4221 0x000001c1417b3310 code [0x000001c1417b34c0, 0x000001c1417b36a8]
Event: 5.483 Thread 0x000001c157ac94b0 4222       3       java.util.TreeMap::rotateLeft (96 bytes)
Event: 5.484 Thread 0x000001c157ac94b0 nmethod 4222 0x000001c1417b3790 code [0x000001c1417b3960, 0x000001c1417b3e98]
Event: 5.484 Thread 0x000001c157ac94b0 4223       3       org.postgresql.core.AsciiStringInterner::hashKey (46 bytes)
Event: 5.484 Thread 0x000001c157ac94b0 nmethod 4223 0x000001c1417b4010 code [0x000001c1417b41c0, 0x000001c1417b43f8]
Event: 5.484 Thread 0x000001c157ac94b0 4224       3       org.postgresql.core.PGStream::receiveInteger4 (76 bytes)
Event: 5.484 Thread 0x000001c157ac94b0 nmethod 4224 0x000001c1417b4510 code [0x000001c1417b46e0, 0x000001c1417b4af8]
Event: 5.484 Thread 0x000001c157ac94b0 4227       3       java.lang.Character::valueOf (21 bytes)
Event: 5.485 Thread 0x000001c157ac94b0 nmethod 4227 0x000001c1417b4d10 code [0x000001c1417b4ec0, 0x000001c1417b5158]
Event: 5.485 Thread 0x000001c157ac94b0 4225       3       org.postgresql.core.PGStream::receiveChar (22 bytes)
Event: 5.485 Thread 0x000001c157ac94b0 nmethod 4225 0x000001c1417b5290 code [0x000001c1417b5440, 0x000001c1417b5698]
Event: 5.485 Thread 0x000001c157ac94b0 4226       3       org.postgresql.core.VisibleBufferedInputStream::read (31 bytes)
Event: 5.485 Thread 0x000001c157ac94b0 nmethod 4226 0x000001c1417b5810 code [0x000001c1417b59c0, 0x000001c1417b5c48]

GC Heap History (18 events):
Event: 1.232 GC heap before
{Heap before GC invocations=0 (full 0):
 garbage-first heap   total 126976K, used 24576K [0x0000000084400000, 0x0000000100000000)
  region size 1024K, 23 young (23552K), 0 survivors (0K)
 Metaspace       used 6242K, committed 6400K, reserved 1114112K
  class space    used 739K, committed 832K, reserved 1048576K
}
Event: 1.238 GC heap after
{Heap after GC invocations=1 (full 0):
 garbage-first heap   total 126976K, used 7368K [0x0000000084400000, 0x0000000100000000)
  region size 1024K, 3 young (3072K), 3 survivors (3072K)
 Metaspace       used 6242K, committed 6400K, reserved 1114112K
  class space    used 739K, committed 832K, reserved 1048576K
}
Event: 1.690 GC heap before
{Heap before GC invocations=1 (full 0):
 garbage-first heap   total 126976K, used 33992K [0x0000000084400000, 0x0000000100000000)
  region size 1024K, 30 young (30720K), 3 survivors (3072K)
 Metaspace       used 13171K, committed 13376K, reserved 1114112K
  class space    used 1585K, committed 1664K, reserved 1048576K
}
Event: 1.707 GC heap after
{Heap after GC invocations=2 (full 0):
 garbage-first heap   total 126976K, used 10350K [0x0000000084400000, 0x0000000100000000)
  region size 1024K, 3 young (3072K), 3 survivors (3072K)
 Metaspace       used 13171K, committed 13376K, reserved 1114112K
  class space    used 1585K, committed 1664K, reserved 1048576K
}
Event: 2.593 GC heap before
{Heap before GC invocations=2 (full 0):
 garbage-first heap   total 126976K, used 57454K [0x0000000084400000, 0x0000000100000000)
  region size 1024K, 51 young (52224K), 3 survivors (3072K)
 Metaspace       used 21276K, committed 21504K, reserved 1114112K
  class space    used 2638K, committed 2752K, reserved 1048576K
}
Event: 2.600 GC heap after
{Heap after GC invocations=3 (full 0):
 garbage-first heap   total 126976K, used 14072K [0x0000000084400000, 0x0000000100000000)
  region size 1024K, 7 young (7168K), 7 survivors (7168K)
 Metaspace       used 21276K, committed 21504K, reserved 1114112K
  class space    used 2638K, committed 2752K, reserved 1048576K
}
Event: 3.284 GC heap before
{Heap before GC invocations=4 (full 0):
 garbage-first heap   total 55296K, used 39672K [0x0000000084400000, 0x0000000100000000)
  region size 1024K, 32 young (32768K), 7 survivors (7168K)
 Metaspace       used 26551K, committed 27008K, reserved 1114112K
  class space    used 3376K, committed 3584K, reserved 1048576K
}
Event: 3.296 GC heap after
{Heap after GC invocations=5 (full 0):
 garbage-first heap   total 55296K, used 17086K [0x0000000084400000, 0x0000000100000000)
  region size 1024K, 4 young (4096K), 4 survivors (4096K)
 Metaspace       used 26551K, committed 27008K, reserved 1114112K
  class space    used 3376K, committed 3584K, reserved 1048576K
}
Event: 3.823 GC heap before
{Heap before GC invocations=5 (full 0):
 garbage-first heap   total 55296K, used 36542K [0x0000000084400000, 0x0000000100000000)
  region size 1024K, 23 young (23552K), 4 survivors (4096K)
 Metaspace       used 30372K, committed 30848K, reserved 1114112K
  class space    used 3832K, committed 4096K, reserved 1048576K
}
Event: 3.827 GC heap after
{Heap after GC invocations=6 (full 0):
 garbage-first heap   total 55296K, used 18284K [0x0000000084400000, 0x0000000100000000)
  region size 1024K, 2 young (2048K), 2 survivors (2048K)
 Metaspace       used 30372K, committed 30848K, reserved 1114112K
  class space    used 3832K, committed 4096K, reserved 1048576K
}
Event: 4.337 GC heap before
{Heap before GC invocations=6 (full 0):
 garbage-first heap   total 55296K, used 38764K [0x0000000084400000, 0x0000000100000000)
  region size 1024K, 22 young (22528K), 2 survivors (2048K)
 Metaspace       used 35351K, committed 35776K, reserved 1114112K
  class space    used 4667K, committed 4864K, reserved 1048576K
}
Event: 4.339 GC heap after
{Heap after GC invocations=7 (full 0):
 garbage-first heap   total 55296K, used 18887K [0x0000000084400000, 0x0000000100000000)
  region size 1024K, 3 young (3072K), 3 survivors (3072K)
 Metaspace       used 35351K, committed 35776K, reserved 1114112K
  class space    used 4667K, committed 4864K, reserved 1048576K
}
Event: 4.362 GC heap before
{Heap before GC invocations=7 (full 0):
 garbage-first heap   total 55296K, used 18887K [0x0000000084400000, 0x0000000100000000)
  region size 1024K, 4 young (4096K), 3 survivors (3072K)
 Metaspace       used 35519K, committed 35968K, reserved 1114112K
  class space    used 4698K, committed 4928K, reserved 1048576K
}
Event: 4.365 GC heap after
{Heap after GC invocations=8 (full 0):
 garbage-first heap   total 55296K, used 19201K [0x0000000084400000, 0x0000000100000000)
  region size 1024K, 2 young (2048K), 2 survivors (2048K)
 Metaspace       used 35519K, committed 35968K, reserved 1114112K
  class space    used 4698K, committed 4928K, reserved 1048576K
}
Event: 5.004 GC heap before
{Heap before GC invocations=9 (full 0):
 garbage-first heap   total 55296K, used 38657K [0x0000000084400000, 0x0000000100000000)
  region size 1024K, 22 young (22528K), 2 survivors (2048K)
 Metaspace       used 41497K, committed 41920K, reserved 1114112K
  class space    used 5504K, committed 5696K, reserved 1048576K
}
Event: 5.007 GC heap after
{Heap after GC invocations=10 (full 0):
 garbage-first heap   total 55296K, used 20269K [0x0000000084400000, 0x0000000100000000)
  region size 1024K, 3 young (3072K), 3 survivors (3072K)
 Metaspace       used 41497K, committed 41920K, reserved 1114112K
  class space    used 5504K, committed 5696K, reserved 1048576K
}
Event: 5.435 GC heap before
{Heap before GC invocations=10 (full 0):
 garbage-first heap   total 55296K, used 40749K [0x0000000084400000, 0x0000000100000000)
  region size 1024K, 23 young (23552K), 3 survivors (3072K)
 Metaspace       used 47090K, committed 47552K, reserved 1114112K
  class space    used 6329K, committed 6592K, reserved 1048576K
}
Event: 5.438 GC heap after
{Heap after GC invocations=11 (full 0):
 garbage-first heap   total 55296K, used 21367K [0x0000000084400000, 0x0000000100000000)
  region size 1024K, 3 young (3072K), 3 survivors (3072K)
 Metaspace       used 47090K, committed 47552K, reserved 1114112K
  class space    used 6329K, committed 6592K, reserved 1048576K
}

Deoptimization events (20 events):
Event: 5.079 Thread 0x000001c137eb5b60 DEOPT PACKING pc=0x000001c148c03038 sp=0x00000082b7dfd200
Event: 5.079 Thread 0x000001c137eb5b60 DEOPT UNPACKING pc=0x000001c1484b5ba3 sp=0x00000082b7dfd198 mode 2
Event: 5.080 Thread 0x000001c137eb5b60 Uncommon trap: trap_request=0xffffff45 fr.pc=0x000001c148c02c40 relative=0x00000000000000a0
Event: 5.080 Thread 0x000001c137eb5b60 Uncommon trap: reason=unstable_if action=reinterpret pc=0x000001c148c02c40 method=jdk.internal.misc.Unsafe.convEndian(ZI)I @ 4 c2
Event: 5.080 Thread 0x000001c137eb5b60 DEOPT PACKING pc=0x000001c148c02c40 sp=0x00000082b7dfd260
Event: 5.080 Thread 0x000001c137eb5b60 DEOPT UNPACKING pc=0x000001c1484b5ba3 sp=0x00000082b7dfd0f8 mode 2
Event: 5.080 Thread 0x000001c137eb5b60 Uncommon trap: trap_request=0xffffff45 fr.pc=0x000001c148c03374 relative=0x0000000000000074
Event: 5.080 Thread 0x000001c137eb5b60 Uncommon trap: reason=unstable_if action=reinterpret pc=0x000001c148c03374 method=jdk.internal.misc.Unsafe.convEndian(ZI)I @ 4 c2
Event: 5.080 Thread 0x000001c137eb5b60 DEOPT PACKING pc=0x000001c148c03374 sp=0x00000082b7dfd1c0
Event: 5.080 Thread 0x000001c137eb5b60 DEOPT UNPACKING pc=0x000001c1484b5ba3 sp=0x00000082b7dfd0f0 mode 2
Event: 5.084 Thread 0x000001c19f2c3ce0 DEOPT PACKING pc=0x000001c141742943 sp=0x00000082ba0fe0a0
Event: 5.084 Thread 0x000001c19f2c3ce0 DEOPT UNPACKING pc=0x000001c1484b66e3 sp=0x00000082ba0fd570 mode 0
Event: 5.207 Thread 0x000001c19f2c3ce0 Uncommon trap: trap_request=0xffffff45 fr.pc=0x000001c148c0ade4 relative=0x0000000000000a04
Event: 5.207 Thread 0x000001c19f2c3ce0 Uncommon trap: reason=unstable_if action=reinterpret pc=0x000001c148c0ade4 method=sun.security.provider.SHA2.implReset()V @ 8 c2
Event: 5.207 Thread 0x000001c19f2c3ce0 DEOPT PACKING pc=0x000001c148c0ade4 sp=0x00000082ba0fdde0
Event: 5.207 Thread 0x000001c19f2c3ce0 DEOPT UNPACKING pc=0x000001c1484b5ba3 sp=0x00000082ba0fdd18 mode 2
Event: 5.230 Thread 0x000001c137eb5b60 Uncommon trap: trap_request=0xffffff45 fr.pc=0x000001c148ac2f48 relative=0x0000000000000048
Event: 5.230 Thread 0x000001c137eb5b60 Uncommon trap: reason=unstable_if action=reinterpret pc=0x000001c148ac2f48 method=java.lang.StringConcatHelper.stringOf(Ljava/lang/Object;)Ljava/lang/String; @ 1 c2
Event: 5.231 Thread 0x000001c137eb5b60 DEOPT PACKING pc=0x000001c148ac2f48 sp=0x00000082b7dfe170
Event: 5.231 Thread 0x000001c137eb5b60 DEOPT UNPACKING pc=0x000001c1484b5ba3 sp=0x00000082b7dfe100 mode 2

Classes unloaded (0 events):
No events

Classes redefined (0 events):
No events

Internal exceptions (20 events):
Event: 3.105 Thread 0x000001c137eb5b60 Exception <a 'java/lang/NoSuchMethodError'{0x00000000860caae0}: 'java.lang.Object java.lang.invoke.DirectMethodHandle$Holder.invokeSpecial(java.lang.Object, java.lang.Object, java.lang.Object, java.lang.Object, int)'> (0x00000000860caae0) 
thrown [s\open\src\hotspot\share\interpreter\linkResolver.cpp, line 759]
Event: 3.105 Thread 0x000001c137eb5b60 Exception <a 'java/lang/NoSuchMethodError'{0x00000000860ce6a8}: 'java.lang.Object java.lang.invoke.Invokers$Holder.linkToTargetMethod(java.lang.Object, java.lang.Object, int, java.lang.Object)'> (0x00000000860ce6a8) 
thrown [s\open\src\hotspot\share\interpreter\linkResolver.cpp, line 759]
Event: 3.172 Thread 0x000001c137eb5b60 Exception <a 'java/lang/NoSuchMethodError'{0x0000000085cb18b8}: 'java.lang.Object java.lang.invoke.DirectMethodHandle$Holder.invokeStaticInit(java.lang.Object, int, int, int, int)'> (0x0000000085cb18b8) 
thrown [s\open\src\hotspot\share\interpreter\linkResolver.cpp, line 759]
Event: 3.245 Thread 0x000001c137eb5b60 Exception <a 'java/lang/NoSuchMethodError'{0x0000000085b86c18}: 'java.lang.Object java.lang.invoke.DirectMethodHandle$Holder.invokeStaticInit(java.lang.Object, java.lang.Object, int, int, int, int)'> (0x0000000085b86c18) 
thrown [s\open\src\hotspot\share\interpreter\linkResolver.cpp, line 759]
Event: 3.423 Thread 0x000001c137eb5b60 Exception <a 'java/lang/NoSuchMethodError'{0x0000000088abe590}: 'java.lang.Object java.lang.invoke.DirectMethodHandle$Holder.invokeSpecial(java.lang.Object, java.lang.Object, long, java.lang.Object, java.lang.Object, java.lang.Object, java.lang.Object, java.lang.Object, java.lang.Object)'> (0x0000000088abe590) 
thrown [s\open\src\hotspot\share\interpreter\linkResolver.cpp, line 759]
Event: 3.424 Thread 0x000001c137eb5b60 Exception <a 'java/lang/NoSuchMethodError'{0x0000000088ac30b8}: 'java.lang.Object java.lang.invoke.DelegatingMethodHandle$Holder.reinvoke_L(java.lang.Object, long, java.lang.Object, java.lang.Object, java.lang.Object, java.lang.Object, java.lang.Object, java.lang.Object)'> (0x0000000088ac30b8) 
thrown [s\open\src\hotspot\share\interpreter\linkResolver.cpp, line 759]
Event: 3.493 Thread 0x000001c137eb5b60 Exception <a 'java/io/FileNotFoundException'{0x000000008882fdc0}> (0x000000008882fdc0) 
thrown [s\open\src\hotspot\share\prims\jni.cpp, line 516]
Event: 3.549 Thread 0x000001c137eb5b60 Exception <a 'java/lang/NoSuchMethodError'{0x0000000088632988}: 'int java.lang.invoke.DirectMethodHandle$Holder.invokeInterface(java.lang.Object, java.lang.Object, java.lang.Object, java.lang.Object)'> (0x0000000088632988) 
thrown [s\open\src\hotspot\share\interpreter\linkResolver.cpp, line 759]
Event: 3.619 Thread 0x000001c137eb5b60 Exception <a 'java/lang/NoSuchMethodError'{0x0000000087033ac8}: 'long java.lang.invoke.DirectMethodHandle$Holder.invokeVirtual(java.lang.Object, java.lang.Object)'> (0x0000000087033ac8) 
thrown [s\open\src\hotspot\share\interpreter\linkResolver.cpp, line 759]
Event: 3.738 Thread 0x000001c137eb5b60 Implicit null exception at 0x000001c148b2827c to 0x000001c148b28408
Event: 3.742 Thread 0x000001c137eb5b60 Exception <a 'sun/nio/fs/WindowsException'{0x0000000086af0d60}> (0x0000000086af0d60) 
thrown [s\open\src\hotspot\share\prims\jni.cpp, line 516]
Event: 4.424 Thread 0x000001c137eb5b60 Exception <a 'java/lang/NoSuchMethodError'{0x0000000088afb260}: 'int java.lang.invoke.DirectMethodHandle$Holder.invokeStatic(java.lang.Object)'> (0x0000000088afb260) 
thrown [s\open\src\hotspot\share\interpreter\linkResolver.cpp, line 759]
Event: 4.453 Thread 0x000001c137eb5b60 Exception <a 'java/lang/NoSuchMethodError'{0x0000000088816f30}: 'int java.lang.invoke.DirectMethodHandle$Holder.invokeStaticInit(java.lang.Object, java.lang.Object, java.lang.Object, java.lang.Object)'> (0x0000000088816f30) 
thrown [s\open\src\hotspot\share\interpreter\linkResolver.cpp, line 759]
Event: 4.631 Thread 0x000001c137eb5b60 Exception <a 'sun/nio/fs/WindowsException'{0x00000000887fea78}> (0x00000000887fea78) 
thrown [s\open\src\hotspot\share\prims\jni.cpp, line 516]
Event: 4.700 Thread 0x000001c137eb5b60 Implicit null exception at 0x000001c148b6cd6c to 0x000001c148b6ce14
Event: 4.818 Thread 0x000001c137eb5b60 Exception <a 'java/lang/NoSuchMethodError'{0x0000000086b2df20}: 'java.lang.Object java.lang.invoke.DirectMethodHandle$Holder.invokeStaticInit(java.lang.Object, java.lang.Object, java.lang.Object, java.lang.Object)'> (0x0000000086b2df20) 
thrown [s\open\src\hotspot\share\interpreter\linkResolver.cpp, line 759]
Event: 5.207 Thread 0x000001c19f2c3ce0 Implicit null exception at 0x000001c148c0a4b4 to 0x000001c148c0adb0
Event: 5.244 Thread 0x000001c137eb5b60 Exception <a 'java/lang/IncompatibleClassChangeError'{0x0000000086d03308}: Found class java.lang.Object, but interface was expected> (0x0000000086d03308) 
thrown [s\open\src\hotspot\share\interpreter\linkResolver.cpp, line 826]
Event: 5.258 Thread 0x000001c137eb5b60 Exception <a 'java/lang/NoSuchMethodError'{0x0000000086dd7518}: 'java.lang.Object java.lang.invoke.DirectMethodHandle$Holder.invokeStatic(java.lang.Object, java.lang.Object, int, java.lang.Object)'> (0x0000000086dd7518) 
thrown [s\open\src\hotspot\share\interpreter\linkResolver.cpp, line 759]
Event: 5.258 Thread 0x000001c137eb5b60 Exception <a 'java/lang/NoSuchMethodError'{0x0000000086ddafb0}: 'java.lang.Object java.lang.invoke.DirectMethodHandle$Holder.invokeStaticInit(java.lang.Object, java.lang.Object, int, java.lang.Object)'> (0x0000000086ddafb0) 
thrown [s\open\src\hotspot\share\interpreter\linkResolver.cpp, line 759]

VM Operations (20 events):
Event: 3.855 Executing VM operation: HandshakeAllThreads
Event: 3.855 Executing VM operation: HandshakeAllThreads done
Event: 4.337 Executing VM operation: G1CollectForAllocation
Event: 4.340 Executing VM operation: G1CollectForAllocation done
Event: 4.362 Executing VM operation: CollectForMetadataAllocation
Event: 4.365 Executing VM operation: CollectForMetadataAllocation done
Event: 4.382 Executing VM operation: G1Concurrent
Event: 4.385 Executing VM operation: G1Concurrent done
Event: 4.392 Executing VM operation: G1Concurrent
Event: 4.392 Executing VM operation: G1Concurrent done
Event: 4.627 Executing VM operation: HandshakeAllThreads
Event: 4.627 Executing VM operation: HandshakeAllThreads done
Event: 4.632 Executing VM operation: HandshakeAllThreads
Event: 4.632 Executing VM operation: HandshakeAllThreads done
Event: 4.636 Executing VM operation: HandshakeAllThreads
Event: 4.636 Executing VM operation: HandshakeAllThreads done
Event: 5.004 Executing VM operation: G1CollectForAllocation
Event: 5.007 Executing VM operation: G1CollectForAllocation done
Event: 5.435 Executing VM operation: G1CollectForAllocation
Event: 5.438 Executing VM operation: G1CollectForAllocation done

Events (20 events):
Event: 5.130 loading class java/io/StringWriter
Event: 5.131 loading class java/io/StringWriter done
Event: 5.168 loading class javax/naming/RefAddr
Event: 5.169 loading class javax/naming/RefAddr done
Event: 5.169 loading class javax/naming/StringRefAddr
Event: 5.169 loading class javax/naming/StringRefAddr done
Event: 5.186 loading class jdk/internal/reflect/UnsafeQualifiedStaticObjectFieldAccessorImpl
Event: 5.186 loading class jdk/internal/reflect/UnsafeQualifiedStaticObjectFieldAccessorImpl done
Event: 5.189 loading class java/util/concurrent/CompletionStage
Event: 5.189 loading class java/util/concurrent/CompletionStage done
Event: 5.190 loading class java/util/concurrent/CompletableFuture
Event: 5.191 loading class java/util/concurrent/CompletableFuture done
Event: 5.191 loading class java/util/concurrent/CompletableFuture$AltResult
Event: 5.192 loading class java/util/concurrent/CompletableFuture$AltResult done
Event: 5.192 loading class java/util/concurrent/CompletableFuture$Completion
Event: 5.192 loading class java/util/concurrent/CompletableFuture$AsynchronousCompletionTask
Event: 5.192 loading class java/util/concurrent/CompletableFuture$AsynchronousCompletionTask done
Event: 5.192 loading class java/util/concurrent/CompletableFuture$Completion done
Event: 5.238 loading class java/util/concurrent/CancellationException
Event: 5.238 loading class java/util/concurrent/CancellationException done


Dynamic libraries:
0x00007ff79fa50000 - 0x00007ff79fa60000 	C:\Program Files\Java\jdk-17\bin\java.exe
0x00007ffe5dd10000 - 0x00007ffe5df27000 	C:\WINDOWS\SYSTEM32\ntdll.dll
0x00007ffe0ae70000 - 0x00007ffe0ae8a000 	C:\Program Files\Avast Software\Avast\aswhook.dll
0x00007ffe5be90000 - 0x00007ffe5bf54000 	C:\WINDOWS\System32\KERNEL32.DLL
0x00007ffe5b530000 - 0x00007ffe5b8dd000 	C:\WINDOWS\System32\KERNELBASE.dll
0x00007ffe5b1d0000 - 0x00007ffe5b2e1000 	C:\WINDOWS\System32\ucrtbase.dll
0x00007ffe54cf0000 - 0x00007ffe54d0b000 	C:\Program Files\Java\jdk-17\bin\VCRUNTIME140.dll
0x00007ffe54d10000 - 0x00007ffe54d29000 	C:\Program Files\Java\jdk-17\bin\jli.dll
0x00007ffe5dc10000 - 0x00007ffe5dcc2000 	C:\WINDOWS\System32\ADVAPI32.dll
0x00007ffe5c2d0000 - 0x00007ffe5c377000 	C:\WINDOWS\System32\msvcrt.dll
0x00007ffe5bde0000 - 0x00007ffe5be89000 	C:\WINDOWS\System32\sechost.dll
0x00007ffe5b9a0000 - 0x00007ffe5b9c8000 	C:\WINDOWS\System32\bcrypt.dll
0x00007ffe5bf60000 - 0x00007ffe5c074000 	C:\WINDOWS\System32\RPCRT4.dll
0x00007ffe5d560000 - 0x00007ffe5d70e000 	C:\WINDOWS\System32\USER32.dll
0x00007ffe5b2f0000 - 0x00007ffe5b316000 	C:\WINDOWS\System32\win32u.dll
0x00007ffe5d530000 - 0x00007ffe5d559000 	C:\WINDOWS\System32\GDI32.dll
0x00007ffe5b0b0000 - 0x00007ffe5b1c9000 	C:\WINDOWS\System32\gdi32full.dll
0x00007ffe5b320000 - 0x00007ffe5b3ba000 	C:\WINDOWS\System32\msvcp_win.dll
0x00007ffe4cea0000 - 0x00007ffe4d133000 	C:\WINDOWS\WinSxS\amd64_microsoft.windows.common-controls_6595b64144ccf1df_6.0.22621.3672_none_2713b9d173822955\COMCTL32.dll
0x00007ffe4eb10000 - 0x00007ffe4eb1a000 	C:\WINDOWS\SYSTEM32\VERSION.dll
0x00007ffe5cea0000 - 0x00007ffe5ced1000 	C:\WINDOWS\System32\IMM32.DLL
0x00007ffe55660000 - 0x00007ffe5566c000 	C:\Program Files\Java\jdk-17\bin\vcruntime140_1.dll
0x00007ffe44e90000 - 0x00007ffe44f1e000 	C:\Program Files\Java\jdk-17\bin\msvcp140.dll
0x00007ffd88210000 - 0x00007ffd88df0000 	C:\Program Files\Java\jdk-17\bin\server\jvm.dll
0x00007ffe5c230000 - 0x00007ffe5c238000 	C:\WINDOWS\System32\PSAPI.DLL
0x00007ffe408c0000 - 0x00007ffe408c9000 	C:\WINDOWS\SYSTEM32\WSOCK32.dll
0x00007ffe5d760000 - 0x00007ffe5d7d1000 	C:\WINDOWS\System32\WS2_32.dll
0x00007ffe53cd0000 - 0x00007ffe53d04000 	C:\WINDOWS\SYSTEM32\WINMM.dll
0x00007ffe5a030000 - 0x00007ffe5a048000 	C:\WINDOWS\SYSTEM32\kernel.appcore.dll
0x00007ffe54cd0000 - 0x00007ffe54cda000 	C:\Program Files\Java\jdk-17\bin\jimage.dll
0x00007ffe58910000 - 0x00007ffe58b42000 	C:\WINDOWS\SYSTEM32\DBGHELP.DLL
0x00007ffe5ba50000 - 0x00007ffe5bdd8000 	C:\WINDOWS\System32\combase.dll
0x00007ffe5da30000 - 0x00007ffe5db07000 	C:\WINDOWS\System32\OLEAUT32.dll
0x00007ffe4eaa0000 - 0x00007ffe4ead2000 	C:\WINDOWS\SYSTEM32\dbgcore.DLL
0x00007ffe5b9d0000 - 0x00007ffe5ba4b000 	C:\WINDOWS\System32\bcryptPrimitives.dll
0x00007ffe53870000 - 0x00007ffe5387e000 	C:\Program Files\Java\jdk-17\bin\instrument.dll
0x00007ffe51940000 - 0x00007ffe51965000 	C:\Program Files\Java\jdk-17\bin\java.dll
0x00007ffe23f50000 - 0x00007ffe24027000 	C:\Program Files\Java\jdk-17\bin\jsvml.dll
0x00007ffe5c500000 - 0x00007ffe5cd5f000 	C:\WINDOWS\System32\SHELL32.dll
0x00007ffe58f40000 - 0x00007ffe5983c000 	C:\WINDOWS\SYSTEM32\windows.storage.dll
0x00007ffe58e00000 - 0x00007ffe58f3f000 	C:\WINDOWS\SYSTEM32\wintypes.dll
0x00007ffe5db10000 - 0x00007ffe5dc04000 	C:\WINDOWS\System32\SHCORE.dll
0x00007ffe5d920000 - 0x00007ffe5d97e000 	C:\WINDOWS\System32\shlwapi.dll
0x00007ffe5af70000 - 0x00007ffe5af91000 	C:\WINDOWS\SYSTEM32\profapi.dll
0x00007ffe45a90000 - 0x00007ffe45aa8000 	C:\Program Files\Java\jdk-17\bin\zip.dll
0x00007ffe519d0000 - 0x00007ffe519e9000 	C:\Program Files\Java\jdk-17\bin\net.dll
0x00007ffe55250000 - 0x00007ffe55386000 	C:\WINDOWS\SYSTEM32\WINHTTP.dll
0x00007ffe5a4a0000 - 0x00007ffe5a509000 	C:\WINDOWS\system32\mswsock.dll
0x00007ffe45b00000 - 0x00007ffe45b16000 	C:\Program Files\Java\jdk-17\bin\nio.dll
0x00007ffe3f0e0000 - 0x00007ffe3f0fa000 	C:\Users\jorda\AppData\Local\JetBrains\IntelliJ IDEA Community Edition 2024.1.1\bin\breakgen64.dll
0x00007ffe4c300000 - 0x00007ffe4c30e000 	C:\Program Files\Java\jdk-17\bin\sunmscapi.dll
0x00007ffe5b3c0000 - 0x00007ffe5b527000 	C:\WINDOWS\System32\CRYPT32.dll
0x00007ffe5a9f0000 - 0x00007ffe5aa1e000 	C:\WINDOWS\SYSTEM32\ncrypt.dll
0x00007ffe5a9b0000 - 0x00007ffe5a9e7000 	C:\WINDOWS\SYSTEM32\NTASN1.dll
0x00007ffe5a790000 - 0x00007ffe5a7ab000 	C:\WINDOWS\SYSTEM32\CRYPTSP.dll
0x00007ffe59f90000 - 0x00007ffe59fc5000 	C:\WINDOWS\system32\rsaenh.dll
0x00007ffe5a630000 - 0x00007ffe5a658000 	C:\WINDOWS\SYSTEM32\USERENV.dll
0x00007ffe5a7b0000 - 0x00007ffe5a7bc000 	C:\WINDOWS\SYSTEM32\CRYPTBASE.dll
0x00007ffe59ae0000 - 0x00007ffe59b0d000 	C:\WINDOWS\SYSTEM32\IPHLPAPI.DLL
0x00007ffe5d0a0000 - 0x00007ffe5d0a9000 	C:\WINDOWS\System32\NSI.dll
0x00007ffe543e0000 - 0x00007ffe543f9000 	C:\WINDOWS\SYSTEM32\dhcpcsvc6.DLL
0x00007ffe543c0000 - 0x00007ffe543df000 	C:\WINDOWS\SYSTEM32\dhcpcsvc.DLL
0x00007ffe59b10000 - 0x00007ffe59c08000 	C:\WINDOWS\SYSTEM32\DNSAPI.dll
0x00007ffe55670000 - 0x00007ffe5567a000 	C:\Program Files\Java\jdk-17\bin\management.dll
0x00007ffe53f40000 - 0x00007ffe53f4b000 	C:\Program Files\Java\jdk-17\bin\management_ext.dll
0x00007ffe45af0000 - 0x00007ffe45b00000 	C:\Program Files\Java\jdk-17\bin\verify.dll
0x00007ffe51800000 - 0x00007ffe5180a000 	C:\Windows\System32\rasadhlp.dll
0x00007ffe51f40000 - 0x00007ffe51fc3000 	C:\WINDOWS\System32\fwpuclnt.dll

dbghelp: loaded successfully - version: 4.0.5 - missing functions: none
symbol engine: initialized successfully - sym options: 0x614 - pdb path: .;C:\Program Files\Java\jdk-17\bin;C:\WINDOWS\SYSTEM32;C:\Program Files\Avast Software\Avast;C:\WINDOWS\WinSxS\amd64_microsoft.windows.common-controls_6595b64144ccf1df_6.0.22621.3672_none_2713b9d173822955;C:\Program Files\Java\jdk-17\bin\server;C:\Users\jorda\AppData\Local\JetBrains\IntelliJ IDEA Community Edition 2024.1.1\bin

VM Arguments:
jvm_args: -javaagent:C:\Users\jorda\AppData\Local\JetBrains\IntelliJ IDEA Community Edition 2024.1.1\lib\idea_rt.jar=62497:C:\Users\jorda\AppData\Local\JetBrains\IntelliJ IDEA Community Edition 2024.1.1\bin -Dfile.encoding=UTF-8 
java_command: com.artistaEmusica.artistasmusicas.ArtistasmusicasApplication
java_class_path (initial): C:\Users\jorda\alura\java\artistasmusicas\target\classes;C:\Users\jorda\.m2\repository\org\springframework\boot\spring-boot-starter-data-jpa\3.3.2\spring-boot-starter-data-jpa-3.3.2.jar;C:\Users\jorda\.m2\repository\org\springframework\boot\spring-boot-starter-aop\3.3.2\spring-boot-starter-aop-3.3.2.jar;C:\Users\jorda\.m2\repository\org\springframework\spring-aop\6.1.11\spring-aop-6.1.11.jar;C:\Users\jorda\.m2\repository\org\aspectj\aspectjweaver\1.9.22.1\aspectjweaver-1.9.22.1.jar;C:\Users\jorda\.m2\repository\org\springframework\boot\spring-boot-starter-jdbc\3.3.2\spring-boot-starter-jdbc-3.3.2.jar;C:\Users\jorda\.m2\repository\com\zaxxer\HikariCP\5.1.0\HikariCP-5.1.0.jar;C:\Users\jorda\.m2\repository\org\springframework\spring-jdbc\6.1.11\spring-jdbc-6.1.11.jar;C:\Users\jorda\.m2\repository\org\hibernate\orm\hibernate-core\6.5.2.Final\hibernate-core-6.5.2.Final.jar;C:\Users\jorda\.m2\repository\jakarta\persistence\jakarta.persistence-api\3.1.0\jakarta.persistence-api-3.1.0.jar;C:\Users\jorda\.m2\repository\jakarta\transaction\jakarta.transaction-api\2.0.1\jakarta.transaction-api-2.0.1.jar;C:\Users\jorda\.m2\repository\org\jboss\logging\jboss-logging\3.5.3.Final\jboss-logging-3.5.3.Final.jar;C:\Users\jorda\.m2\repository\org\hibernate\common\hibernate-commons-annotations\6.0.6.Final\hibernate-commons-annotations-6.0.6.Final.jar;C:\Users\jorda\.m2\repository\io\smallrye\jandex\3.1.2\jandex-3.1.2.jar;C:\Users\jorda\.m2\repository\com\fasterxml\classmate\1.7.0\classmate-1.7.0.jar;C:\Users\jorda\.m2\repository\net\bytebuddy\byte-buddy\1.14.18\byte-buddy-1.14.18.jar;C:\Users\jorda\.m2\repository\org\glassfish\jaxb\jaxb-runtime\4.0.5\jaxb-runtime-4.0.5.jar;C:\Users\jorda\.m2\repository\org\glassfish\jaxb\jaxb-core\4.0.5\jaxb-core-4.0.5.jar;C:\Users\jorda\.m2\repository\org\eclipse\angus\angus-activation\2.0.2\angus-activation-2.0.2.jar;C:\Users\jorda\.m2\repository\org\glassfish\jaxb\txw2\4.0.5\txw2-4.0.5.jar;C:\Users\jorda\.m2\repository\co
Launcher Type: SUN_STANDARD

[Global flags]
     intx CICompilerCount                          = 4                                         {product} {ergonomic}
     uint ConcGCThreads                            = 2                                         {product} {ergonomic}
     uint G1ConcRefinementThreads                  = 8                                         {product} {ergonomic}
   size_t G1HeapRegionSize                         = 1048576                                   {product} {ergonomic}
    uintx GCDrainStackTargetSize                   = 64                                        {product} {ergonomic}
   size_t InitialHeapSize                          = 130023424                                 {product} {ergonomic}
   size_t MarkStackSize                            = 4194304                                   {product} {ergonomic}
   size_t MaxHeapSize                              = 2076180480                                {product} {ergonomic}
   size_t MaxNewSize                               = 1245708288                                {product} {ergonomic}
   size_t MinHeapDeltaBytes                        = 1048576                                   {product} {ergonomic}
   size_t MinHeapSize                              = 8388608                                   {product} {ergonomic}
    uintx NonNMethodCodeHeapSize                   = 5839372                                {pd product} {ergonomic}
    uintx NonProfiledCodeHeapSize                  = 122909434                              {pd product} {ergonomic}
    uintx ProfiledCodeHeapSize                     = 122909434                              {pd product} {ergonomic}
    uintx ReservedCodeCacheSize                    = 251658240                              {pd product} {ergonomic}
     bool SegmentedCodeCache                       = true                                      {product} {ergonomic}
   size_t SoftMaxHeapSize                          = 2076180480                             {manageable} {ergonomic}
     bool UseCompressedClassPointers               = true                           {product lp64_product} {ergonomic}
     bool UseCompressedOops                        = true                           {product lp64_product} {ergonomic}
     bool UseG1GC                                  = true                                      {product} {ergonomic}
     bool UseLargePagesIndividualAllocation        = false                                  {pd product} {ergonomic}

Logging:
Log output configuration:
 #0: stdout all=warning uptime,level,tags
 #1: stderr all=off uptime,level,tags

Environment Variables:
PATH=C:\Program Files\Common Files\Oracle\Java\javapath;C:\Python310\Scripts\;C:\Python310\;C:\WINDOWS\system32;C:\WINDOWS;C:\WINDOWS\System32\Wbem;C:\WINDOWS\System32\WindowsPowerShell\v1.0\;C:\WINDOWS\System32\OpenSSH\;C:\ProgramData\chocolatey\bin;C:\Program Files\Git\cmd;C:\xampp\php;C:\ProgramData\ComposerSetup\bin;C:\Program Files\Docker\Docker\resources\bin;C:\Program Files\nodejs\;C:\Users\jorda\AppData\Local\Microsoft\WindowsApps;;C:\Users\jorda\AppData\Local\Programs\Microsoft VS Code\bin;C:\Users\jorda\AppData\Local\JetBrains\PyCharm Community Edition 2022.3\bin;;C:\Users\jorda\AppData\Roaming\Composer\vendor\bin;C:\Users\jorda\AppData\Roaming\npm;C:\Program Files\JetBrains\PhpStorm 2023.3.4\bin;;C:\Users\jorda\AppData\Local\JetBrains\IntelliJ IDEA Community Edition 2024.1.1\bin;
USERNAME=jorda
OS=Windows_NT
PROCESSOR_IDENTIFIER=Intel64 Family 6 Model 140 Stepping 1, GenuineIntel



---------------  S Y S T E M  ---------------

OS:
 Windows 11 , 64 bit Build 22621 (10.0.22621.3672)
OS uptime: 5 days 2:40 hours
Hyper-V role detected

CPU: total 8 (initial active 8) (4 cores per cpu, 2 threads per core) family 6 model 140 stepping 1 microcode 0x8a, cx8, cmov, fxsr, ht, mmx, 3dnowpref, sse, sse2, sse3, ssse3, sse4.1, sse4.2, popcnt, lzcnt, tsc, tscinvbit, avx, avx2, aes, erms, clmul, bmi1, bmi2, adx, avx512f, avx512dq, avx512cd, avx512bw, avx512vl, sha, fma, vzeroupper, avx512_vpopcntdq, avx512_vpclmulqdq, avx512_vaes, avx512_vnni, clflush, clflushopt, clwb, avx512_vbmi2, avx512_vbmi, hv

Memory: 4k page, system-wide physical 7915M (155M free)
TotalPageFile size 32491M (AvailPageFile size 0M)
current process WorkingSet (physical memory assigned to process): 213M, peak: 213M
current process commit charge ("private bytes"): 251M, peak: 256M

vm_info: Java HotSpot(TM) 64-Bit Server VM (17.0.11+7-LTS-207) for windows-amd64 JRE (17.0.11+7-LTS-207), built on Mar 11 2024 19:01:50 by "mach5one" with MS VC++ 17.6 (VS2022)

END.
